<?xml version="1.0" encoding="UTF-8"?>
<!-- Generated by org.testng.reporters.JUnitXMLReporter -->
<testsuite ignored="0" hostname="Akshay" failures="1" tests="13" name="Tutorials Ninja Tests" time="34.982" errors="0" timestamp="2024-07-16T20:49:34 IST">
  <testcase classname="com.TutorialNinja.TestCases.Search" name="verifySearchingWithExistingProductName" time="0.5"/>
  <testcase classname="com.TutorialNinja.TestCases.Login" name="varifyLoginWithValidCerdentils" time="1.159"/>
  <testcase classname="com.TutorialNinja.TestCases.Register" name="verifyRegisteringAnAccountWithMandatoryFields" time="1.726"/>
  <testcase classname="com.TutorialNinja.TestCases.Search" name="verifySearchingWithNonExistingProductName" time="0.749"/>
  <testcase classname="com.TutorialNinja.TestCases.Login" name="varifyLoginWithValidCerdentils" time="0.695"/>
  <testcase classname="com.TutorialNinja.TestCases.Search" name="verifySearchingWithoutGivingAnyProductName" time="0.475"/>
  <testcase classname="com.TutorialNinja.TestCases.Register" name="verifyRegisteringAnAccountWithProvidingAllFields" time="1.019"/>
  <testcase classname="com.TutorialNinja.TestCases.Login" name="varifyLoginWithInvalidCredentils" time="0.628"/>
  <testcase classname="com.TutorialNinja.TestCases.Register" name="verifyRegisteringAccountWithAlreadyExistingEmail" time="0.933"/>
  <testcase classname="com.TutorialNinja.TestCases.Login" name="varifyLoginWithInvalidEmailAndValidPasswordCredentils" time="0.857"/>
  <testcase classname="com.TutorialNinja.TestCases.Login" name="varifyLoginWithValidEmailAndInValidPasswordCredentils" time="0.439"/>
  <testcase classname="com.TutorialNinja.TestCases.Register" name="verifyRegisteringAnAccountWithoutProvidingAnyFields" time="0.384"/>
  <testcase classname="com.TutorialNinja.TestCases.Login" name="varifyLoginWithoutProvidingAnyCredentils" time="0.233">
    <failure type="java.lang.AssertionError" message="Warning Message is not shown expected [Warning: No match for E-Mail Address and/or Password.] but found [Warning: Your account has exceeded allowed number of login attempts. Please try again in 1 hour.]">
      <![CDATA[java.lang.AssertionError: Warning Message is not shown expected [Warning: No match for E-Mail Address and/or Password.] but found [Warning: Your account has exceeded allowed number of login attempts. Please try again in 1 hour.]
at com.TutorialNinja.TestCases.Login.varifyLoginWithoutProvidingAnyCredentils(Login.java:84)
at java.base/java.util.concurrent.ThreadPoolExecutor.runWorker(ThreadPoolExecutor.java:1144)
at java.base/java.util.concurrent.ThreadPoolExecutor$Worker.run(ThreadPoolExecutor.java:642)
at java.base/java.lang.Thread.run(Thread.java:1583)
... Removed 15 stack frames]]>
    </failure>
  </testcase> <!-- varifyLoginWithoutProvidingAnyCredentils -->
</testsuite> <!-- Tutorials Ninja Tests -->
