<?xml version="1.0" encoding="UTF-8"?>
<!-- Generated by org.testng.reporters.JUnitXMLReporter -->
<testsuite ignored="0" hostname="Akshay" failures="1" tests="13" name="Surefire test" time="40.811" errors="0" timestamp="2024-07-16T21:04:37 IST">
  <testcase classname="com.TutorialNinja.TestCases.LoginTest" name="varifyLoginWithValidCerdentils" time="0.543"/>
  <testcase classname="com.TutorialNinja.TestCases.LoginTest" name="varifyLoginWithValidCerdentils" time="0.597"/>
  <testcase classname="com.TutorialNinja.TestCases.LoginTest" name="varifyLoginWithInvalidCredentils" time="0.415"/>
  <testcase classname="com.TutorialNinja.TestCases.LoginTest" name="varifyLoginWithInvalidEmailAndValidPasswordCredentils" time="0.38"/>
  <testcase classname="com.TutorialNinja.TestCases.LoginTest" name="varifyLoginWithValidEmailAndInValidPasswordCredentils" time="0.434"/>
  <testcase classname="com.TutorialNinja.TestCases.LoginTest" name="varifyLoginWithoutProvidingAnyCredentils" time="0.268">
    <failure type="java.lang.AssertionError" message="Warning Message is not shown expected [Warning: No match for E-Mail Address and/or Password.] but found [Warning: Your account has exceeded allowed number of login attempts. Please try again in 1 hour.]">
      <![CDATA[java.lang.AssertionError: Warning Message is not shown expected [Warning: No match for E-Mail Address and/or Password.] but found [Warning: Your account has exceeded allowed number of login attempts. Please try again in 1 hour.]
at com.TutorialNinja.TestCases.LoginTest.varifyLoginWithoutProvidingAnyCredentils(LoginTest.java:84)
at java.base/java.util.ArrayList.forEach(ArrayList.java:1596)
... Removed 35 stack frames]]>
    </failure>
  </testcase> <!-- varifyLoginWithoutProvidingAnyCredentils -->
  <testcase classname="com.TutorialNinja.TestCases.RegisterTest" name="verifyRegisteringAnAccountWithMandatoryFields" time="0.99"/>
  <testcase classname="com.TutorialNinja.TestCases.RegisterTest" name="verifyRegisteringAnAccountWithProvidingAllFields" time="0.939"/>
  <testcase classname="com.TutorialNinja.TestCases.RegisterTest" name="verifyRegisteringAccountWithAlreadyExistingEmail" time="0.831"/>
  <testcase classname="com.TutorialNinja.TestCases.RegisterTest" name="verifyRegisteringAnAccountWithoutProvidingAnyFields" time="0.37"/>
  <testcase classname="com.TutorialNinja.TestCases.SearchTest" name="verifySearchingWithExistingProductName" time="0.426"/>
  <testcase classname="com.TutorialNinja.TestCases.SearchTest" name="verifySearchingWithNonExistingProductName" time="0.38"/>
  <testcase classname="com.TutorialNinja.TestCases.SearchTest" name="verifySearchingWithoutGivingAnyProductName" time="0.323"/>
</testsuite> <!-- Surefire test -->
