<?xml version="1.0" encoding="UTF-8"?>
<!-- Generated by org.testng.reporters.JUnitXMLReporter -->
<testsuite ignored="0" hostname="Akshay" failures="0" tests="6" name="Default test" time="0.593" errors="0" timestamp="2024-07-16T18:06:29 IST">
  <testcase classname="com.TutorialNinja.TestCases.Login" name="@BeforeMethod setup" time="0.004">
    <failure type="java.lang.NullPointerException" message="Cannot invoke &amp;quot;java.util.Properties.getProperty(String)&amp;quot; because &amp;quot;this.prop&amp;quot; is null">
      <![CDATA[java.lang.NullPointerException: Cannot invoke "java.util.Properties.getProperty(String)" because "this.prop" is null
at com.TutorialNinja.TestCases.Login.setup(Login.java:25)
at java.base/jdk.internal.reflect.DirectMethodHandleAccessor.invoke(DirectMethodHandleAccessor.java:103)
at java.base/java.lang.reflect.Method.invoke(Method.java:580)
at org.testng.internal.MethodInvocationHelper.invokeMethod(MethodInvocationHelper.java:133)
at org.testng.internal.MethodInvocationHelper.invokeMethodConsideringTimeout(MethodInvocationHelper.java:62)
at org.testng.internal.ConfigInvoker.invokeConfigurationMethod(ConfigInvoker.java:385)
at org.testng.internal.ConfigInvoker.invokeConfigurations(ConfigInvoker.java:321)
at org.testng.internal.TestInvoker.runConfigMethods(TestInvoker.java:700)
at org.testng.internal.TestInvoker.invokeMethod(TestInvoker.java:527)
at org.testng.internal.TestInvoker.invokeTestMethod(TestInvoker.java:173)
at org.testng.internal.MethodRunner.runInSequence(MethodRunner.java:46)
at org.testng.internal.TestInvoker$MethodInvocationAgent.invoke(TestInvoker.java:824)
at org.testng.internal.TestInvoker.invokeTestMethods(TestInvoker.java:146)
at org.testng.internal.TestMethodWorker.invokeTestMethods(TestMethodWorker.java:146)
at org.testng.internal.TestMethodWorker.run(TestMethodWorker.java:128)
at java.base/java.util.ArrayList.forEach(ArrayList.java:1596)
at org.testng.TestRunner.privateRun(TestRunner.java:794)
at org.testng.TestRunner.run(TestRunner.java:596)
at org.testng.SuiteRunner.runTest(SuiteRunner.java:377)
at org.testng.SuiteRunner.runSequentially(SuiteRunner.java:371)
at org.testng.SuiteRunner.privateRun(SuiteRunner.java:332)
at org.testng.SuiteRunner.run(SuiteRunner.java:276)
at org.testng.SuiteRunnerWorker.runSuite(SuiteRunnerWorker.java:53)
at org.testng.SuiteRunnerWorker.run(SuiteRunnerWorker.java:96)
at org.testng.TestNG.runSuitesSequentially(TestNG.java:1212)
at org.testng.TestNG.runSuitesLocally(TestNG.java:1134)
at org.testng.TestNG.runSuites(TestNG.java:1063)
at org.testng.TestNG.run(TestNG.java:1031)
at org.testng.remote.AbstractRemoteTestNG.run(AbstractRemoteTestNG.java:115)
at org.testng.remote.RemoteTestNG.initAndRun(RemoteTestNG.java:251)
at org.testng.remote.RemoteTestNG.main(RemoteTestNG.java:77)
]]>
    </failure>
  </testcase> <!-- @BeforeMethod setup -->
  <testcase classname="com.TutorialsNinja.Base.Base" name="@AfterMethod teardown" time="-1.721133389951E9">
    <skipped/>
  </testcase> <!-- @AfterMethod teardown -->
  <testcase classname="com.TutorialNinja.TestCases.Login" name="@BeforeMethod setup" time="-1.721133389952E9">
    <skipped/>
  </testcase> <!-- @BeforeMethod setup -->
  <testcase classname="com.TutorialsNinja.Base.Base" name="@AfterMethod teardown" time="-1.721133389955E9">
    <skipped/>
  </testcase> <!-- @AfterMethod teardown -->
  <testcase classname="com.TutorialNinja.TestCases.Login" name="@BeforeMethod setup" time="-1.721133389958E9">
    <skipped/>
  </testcase> <!-- @BeforeMethod setup -->
  <testcase classname="com.TutorialsNinja.Base.Base" name="@AfterMethod teardown" time="-1.72113338996E9">
    <skipped/>
  </testcase> <!-- @AfterMethod teardown -->
  <testcase classname="com.TutorialNinja.TestCases.Login" name="@BeforeMethod setup" time="-1.721133389961E9">
    <skipped/>
  </testcase> <!-- @BeforeMethod setup -->
  <testcase classname="com.TutorialsNinja.Base.Base" name="@AfterMethod teardown" time="-1.721133389964E9">
    <skipped/>
  </testcase> <!-- @AfterMethod teardown -->
  <testcase classname="com.TutorialNinja.TestCases.Login" name="@BeforeMethod setup" time="-1.721133389965E9">
    <skipped/>
  </testcase> <!-- @BeforeMethod setup -->
  <testcase classname="com.TutorialsNinja.Base.Base" name="@AfterMethod teardown" time="-1.721133389967E9">
    <skipped/>
  </testcase> <!-- @AfterMethod teardown -->
  <testcase classname="com.TutorialNinja.TestCases.Login" name="@BeforeMethod setup" time="-1.721133389968E9">
    <skipped/>
  </testcase> <!-- @BeforeMethod setup -->
  <testcase classname="com.TutorialsNinja.Base.Base" name="@AfterMethod teardown" time="-1.72113338997E9">
    <skipped/>
  </testcase> <!-- @AfterMethod teardown -->
  <testcase classname="com.TutorialNinja.TestCases.Login" name="varifyLoginWithValidCerdentils" time="0.0">
    <skipped/>
  </testcase> <!-- varifyLoginWithValidCerdentils -->
  <testcase classname="com.TutorialNinja.TestCases.Login" name="varifyLoginWithValidCerdentils" time="0.0">
    <skipped/>
  </testcase> <!-- varifyLoginWithValidCerdentils -->
  <testcase classname="com.TutorialNinja.TestCases.Login" name="varifyLoginWithInvalidCredentils" time="0.0">
    <skipped/>
  </testcase> <!-- varifyLoginWithInvalidCredentils -->
  <testcase classname="com.TutorialNinja.TestCases.Login" name="varifyLoginWithInvalidEmailAndValidPasswordCredentils" time="0.0">
    <skipped/>
  </testcase> <!-- varifyLoginWithInvalidEmailAndValidPasswordCredentils -->
  <testcase classname="com.TutorialNinja.TestCases.Login" name="varifyLoginWithValidEmailAndInValidPasswordCredentils" time="0.0">
    <skipped/>
  </testcase> <!-- varifyLoginWithValidEmailAndInValidPasswordCredentils -->
  <testcase classname="com.TutorialNinja.TestCases.Login" name="varifyLoginWithoutProvidingAnyCredentils" time="0.0">
    <skipped/>
  </testcase> <!-- varifyLoginWithoutProvidingAnyCredentils -->
</testsuite> <!-- Default test -->
