<?xml version="1.0" encoding="UTF-8"?>
<!-- Generated by org.testng.reporters.JUnitXMLReporter -->
<testsuite ignored="0" hostname="Akshay" failures="1" tests="13" name="Tutorials Ninja Tests" time="35.858" errors="0" timestamp="2024-07-16T21:14:32 IST">
  <testcase classname="com.TutorialNinja.TestCases.SearchTest" name="verifySearchingWithExistingProductName" time="0.829"/>
  <testcase classname="com.TutorialNinja.TestCases.RegisterTest" name="verifyRegisteringAnAccountWithMandatoryFields" time="1.464"/>
  <testcase classname="com.TutorialNinja.TestCases.LoginTest" name="varifyLoginWithValidCerdentils" time="1.382"/>
  <testcase classname="com.TutorialNinja.TestCases.SearchTest" name="verifySearchingWithNonExistingProductName" time="0.371"/>
  <testcase classname="com.TutorialNinja.TestCases.RegisterTest" name="verifyRegisteringAnAccountWithProvidingAllFields" time="1.73"/>
  <testcase classname="com.TutorialNinja.TestCases.SearchTest" name="verifySearchingWithoutGivingAnyProductName" time="0.414"/>
  <testcase classname="com.TutorialNinja.TestCases.LoginTest" name="varifyLoginWithValidCerdentils" time="0.803"/>
  <testcase classname="com.TutorialNinja.TestCases.RegisterTest" name="verifyRegisteringAccountWithAlreadyExistingEmail" time="0.631"/>
  <testcase classname="com.TutorialNinja.TestCases.LoginTest" name="varifyLoginWithInvalidCredentils" time="0.473"/>
  <testcase classname="com.TutorialNinja.TestCases.RegisterTest" name="verifyRegisteringAnAccountWithoutProvidingAnyFields" time="0.479"/>
  <testcase classname="com.TutorialNinja.TestCases.LoginTest" name="varifyLoginWithInvalidEmailAndValidPasswordCredentils" time="0.374"/>
  <testcase classname="com.TutorialNinja.TestCases.LoginTest" name="varifyLoginWithValidEmailAndInValidPasswordCredentils" time="0.447"/>
  <testcase classname="com.TutorialNinja.TestCases.LoginTest" name="varifyLoginWithoutProvidingAnyCredentils" time="0.246">
    <failure type="java.lang.AssertionError" message="Warning Message is not shown expected [Warning: No match for E-Mail Address and/or Password.] but found [Warning: Your account has exceeded allowed number of login attempts. Please try again in 1 hour.]">
      <![CDATA[java.lang.AssertionError: Warning Message is not shown expected [Warning: No match for E-Mail Address and/or Password.] but found [Warning: Your account has exceeded allowed number of login attempts. Please try again in 1 hour.]
at com.TutorialNinja.TestCases.LoginTest.varifyLoginWithoutProvidingAnyCredentils(LoginTest.java:84)
at java.base/java.util.concurrent.Executors$RunnableAdapter.call(Executors.java:572)
at java.base/java.util.concurrent.FutureTask.run(FutureTask.java:317)
at java.base/java.util.concurrent.ThreadPoolExecutor.runWorker(ThreadPoolExecutor.java:1144)
at java.base/java.util.concurrent.ThreadPoolExecutor$Worker.run(ThreadPoolExecutor.java:642)
at java.base/java.lang.Thread.run(Thread.java:1583)
... Removed 16 stack frames]]>
    </failure>
  </testcase> <!-- varifyLoginWithoutProvidingAnyCredentils -->
</testsuite> <!-- Tutorials Ninja Tests -->
